<?xml version="1.0" encoding="UTF-8"?>
<testsuite xmlns:xsi="http://www.w3.org/2001/XMLSchema-instance" xsi:noNamespaceSchemaLocation="https://maven.apache.org/surefire/maven-surefire-plugin/xsd/surefire-test-report.xsd" name="TestSuite" time="13.513" tests="2" errors="0" skipped="0" failures="2">
  <properties>
[...]
</properties>
  <testcase name="basePageNavigation" classname="Academy.E2EFramework.HomePageTest" time="6.272">
    <failure message="expected:&lt;...fg...&gt; but was:&lt;......&gt;" type="junit.framework.ComparisonFailure"><![CDATA[junit.framework.ComparisonFailure: expected:<...fg...> but was:<......>
	at Academy.E2EFramework.HomePageTest.basePageNavigation(HomePageTest.java:55)
]]></failure>
    <system-out><![CDATA[https://www.rahulshettyacademy.com/
featured courses
]]></system-out>
    <system-err><![CDATA[Starting ChromeDriver 90.0.4430.24 (4c6d850f087da467d926e8eddb76550aed655991-refs/branch-heads/4430@{#429}) on port 7251
Only local connections are allowed.
Please see https://chromedriver.chromium.org/security-considerations for suggestions on keeping ChromeDriver safe.
ChromeDriver was started successfully.
[1622687901.110][WARNING]: This version of ChromeDriver has not been tested with Chrome version 91.
Jun 02, 2021 10:38:21 PM org.openqa.selenium.remote.ProtocolHandshake createSession
INFO: Detected dialect: W3C
]]></system-err>
  </testcase>
  <testcase name="basePageNavigation" classname="Academy.E2EFramework.HomePageTest" time="0.643">
    <failure message="expected:&lt;...fg...&gt; but was:&lt;......&gt;" type="junit.framework.ComparisonFailure"><![CDATA[junit.framework.ComparisonFailure: expected:<...fg...> but was:<......>
	at Academy.E2EFramework.HomePageTest.basePageNavigation(HomePageTest.java:55)
]]></failure>
    <system-out><![CDATA[https://www.rahulshettyacademy.com/
featured courses
]]></system-out>
  </testcase>
</testsuite>